<?xml version="1.0" encoding="UTF-8"?>
<testng-results skipped="0" failed="0" ignored="0" total="1" passed="1">
  <reporter-output>
  </reporter-output>
  <suite name="Surefire suite" duration-ms="97" started-at="2020-09-09T08:22:44 IST" finished-at="2020-09-09T08:22:44 IST">
    <groups>
    </groups>
    <test name="Surefire test" duration-ms="97" started-at="2020-09-09T08:22:44 IST" finished-at="2020-09-09T08:22:44 IST">
      <class name="qaclickacademy.AppTest">
        <test-method status="PASS" signature="shouldAnswerWithTrue()" name="shouldAnswerWithTrue" duration-ms="24" started-at="2020-09-09T08:22:44 IST" finished-at="2020-09-09T08:22:44 IST">
          <reporter-output>
          </reporter-output>
        </test-method> <!-- shouldAnswerWithTrue -->
      </class> <!-- qaclickacademy.AppTest -->
    </test> <!-- Surefire test -->
  </suite> <!-- Surefire suite -->
</testng-results>
