<?xml version="1.0" encoding="UTF-8"?>
<testng-results skipped="0" failed="0" ignored="0" total="4" passed="4">
  <reporter-output>
  </reporter-output>
  <suite name="Suite" duration-ms="52" started-at="2020-09-09T08:55:51 IST" finished-at="2020-09-09T08:55:51 IST">
    <groups>
    </groups>
    <test name="Test" duration-ms="52" started-at="2020-09-09T08:55:51 IST" finished-at="2020-09-09T08:55:51 IST">
      <class name="qaclickacademy.AppiumTest">
        <test-method status="PASS" signature="IOSApps()[pri:0, instance:qaclickacademy.AppiumTest@6325a3ee]" name="IOSApps" duration-ms="5" started-at="2020-09-09T08:55:51 IST" finished-at="2020-09-09T08:55:51 IST">
          <reporter-output>
          </reporter-output>
        </test-method> <!-- IOSApps -->
        <test-method status="PASS" signature="nativeAppAndroid()[pri:0, instance:qaclickacademy.AppiumTest@6325a3ee]" name="nativeAppAndroid" duration-ms="1" started-at="2020-09-09T08:55:51 IST" finished-at="2020-09-09T08:55:51 IST">
          <reporter-output>
          </reporter-output>
        </test-method> <!-- nativeAppAndroid -->
      </class> <!-- qaclickacademy.AppiumTest -->
      <class name="qaclickacademy.SeleniumTest">
        <test-method status="PASS" signature="browserAutomation()[pri:0, instance:qaclickacademy.SeleniumTest@1d16f93d]" name="browserAutomation" duration-ms="0" started-at="2020-09-09T08:55:51 IST" finished-at="2020-09-09T08:55:51 IST">
          <reporter-output>
          </reporter-output>
        </test-method> <!-- browserAutomation -->
        <test-method status="PASS" signature="elementsUI()[pri:0, instance:qaclickacademy.SeleniumTest@1d16f93d]" name="elementsUI" duration-ms="2" started-at="2020-09-09T08:55:51 IST" finished-at="2020-09-09T08:55:51 IST">
          <reporter-output>
          </reporter-output>
        </test-method> <!-- elementsUI -->
      </class> <!-- qaclickacademy.SeleniumTest -->
    </test> <!-- Test -->
  </suite> <!-- Suite -->
</testng-results>
