<?xml version="1.0" encoding="UTF-8"?>
<testng-results skipped="0" failed="0" ignored="0" total="2" passed="2">
  <reporter-output>
  </reporter-output>
  <suite name="Default suite" duration-ms="115" started-at="2020-09-21T16:34:06 IST" finished-at="2020-09-21T16:34:06 IST">
    <groups>
    </groups>
    <test name="Default test" duration-ms="115" started-at="2020-09-21T16:34:06 IST" finished-at="2020-09-21T16:34:06 IST">
      <class name="qaclickacademy.AppiumTest">
        <test-method status="PASS" signature="IOSApps()[pri:0, instance:qaclickacademy.AppiumTest@34cd072c]" name="IOSApps" duration-ms="18" started-at="2020-09-21T16:34:06 IST" finished-at="2020-09-21T16:34:06 IST">
          <reporter-output>
          </reporter-output>
        </test-method> <!-- IOSApps -->
        <test-method status="PASS" signature="nativeAppAndroid()[pri:0, instance:qaclickacademy.AppiumTest@34cd072c]" name="nativeAppAndroid" duration-ms="4" started-at="2020-09-21T16:34:06 IST" finished-at="2020-09-21T16:34:06 IST">
          <reporter-output>
          </reporter-output>
        </test-method> <!-- nativeAppAndroid -->
      </class> <!-- qaclickacademy.AppiumTest -->
    </test> <!-- Default test -->
  </suite> <!-- Default suite -->
</testng-results>
